# JRE version: OpenJDK Runtime Environment (8.0_242-b01) (build 1.8.0_242-release-1644-b01)
# Java VM: OpenJDK 64-Bit Server VM (25.242-b01 mixed mode windows-amd64 compressed oops)
Heap:
 PSYoungGen      total 463872K, used 119162K [0x00000000e0000000, 0x00000000ff300000, 0x0000000100000000)
  eden space 420352K, 28% used [0x00000000e0000000,0x00000000e745e9f0,0x00000000f9a80000)
  from space 43520K, 0% used [0x00000000f9a80000,0x00000000f9a80000,0x00000000fc500000)
  to   space 29696K, 0% used [0x00000000fd600000,0x00000000fd600000,0x00000000ff300000)
 ParOldGen       total 757248K, used 28877K [0x00000000a0000000, 0x00000000ce380000, 0x00000000e0000000)
  object space 757248K, 3% used [0x00000000a0000000,0x00000000a1c33778,0x00000000ce380000)
 Metaspace       used 60198K, capacity 63162K, committed 63272K, reserved 1103872K
  class space    used 8333K, capacity 8946K, committed 9008K, reserved 1048576K
GC Heap History (10 events):
Event: 5.978 GC heap before
{Heap before GC invocations=4 (full 1):
 PSYoungGen      total 305664K, used 196430K [0x00000000e0000000, 0x0000000100000000, 0x0000000100000000)
  eden space 262144K, 74% used [0x00000000e0000000,0x00000000ebfd38d0,0x00000000f0000000)
  from space 43520K, 0% used [0x00000000f2a80000,0x00000000f2a80000,0x00000000f5500000)
  to   space 43520K, 0% used [0x00000000f0000000,0x00000000f0000000,0x00000000f2a80000)
 ParOldGen       total 347136K, used 7784K [0x00000000a0000000, 0x00000000b5300000, 0x00000000e0000000)
  object space 347136K, 2% used [0x00000000a0000000,0x00000000a079a030,0x00000000b5300000)
 Metaspace       used 34610K, capacity 35422K, committed 35496K, reserved 1079296K
  class space    used 4739K, capacity 4972K, committed 5040K, reserved 1048576K
Event: 5.983 GC heap after
Heap after GC invocations=4 (full 1):
 PSYoungGen      total 305664K, used 16898K [0x00000000e0000000, 0x00000000ffd80000, 0x0000000100000000)
  eden space 262144K, 0% used [0x00000000e0000000,0x00000000e0000000,0x00000000f0000000)
  from space 43520K, 38% used [0x00000000f0000000,0x00000000f10808f8,0x00000000f2a80000)
  to   space 43520K, 0% used [0x00000000fd300000,0x00000000fd300000,0x00000000ffd80000)
 ParOldGen       total 347136K, used 7792K [0x00000000a0000000, 0x00000000b5300000, 0x00000000e0000000)
  object space 347136K, 2% used [0x00000000a0000000,0x00000000a079c030,0x00000000b5300000)
 Metaspace       used 34610K, capacity 35422K, committed 35496K, reserved 1079296K
  class space    used 4739K, capacity 4972K, committed 5040K, reserved 1048576K
}
Event: 5.983 GC heap before
{Heap before GC invocations=5 (full 2):
 PSYoungGen      total 305664K, used 16898K [0x00000000e0000000, 0x00000000ffd80000, 0x0000000100000000)
  eden space 262144K, 0% used [0x00000000e0000000,0x00000000e0000000,0x00000000f0000000)
  from space 43520K, 38% used [0x00000000f0000000,0x00000000f10808f8,0x00000000f2a80000)
  to   space 43520K, 0% used [0x00000000fd300000,0x00000000fd300000,0x00000000ffd80000)
 ParOldGen       total 347136K, used 7792K [0x00000000a0000000, 0x00000000b5300000, 0x00000000e0000000)
  object space 347136K, 2% used [0x00000000a0000000,0x00000000a079c030,0x00000000b5300000)
 Metaspace       used 34610K, capacity 35422K, committed 35496K, reserved 1079296K
  class space    used 4739K, capacity 4972K, committed 5040K, reserved 1048576K
Event: 6.010 GC heap after
Heap after GC invocations=5 (full 2):
 PSYoungGen      total 305664K, used 0K [0x00000000e0000000, 0x00000000ffd80000, 0x0000000100000000)
  eden space 262144K, 0% used [0x00000000e0000000,0x00000000e0000000,0x00000000f0000000)
  from space 43520K, 0% used [0x00000000f0000000,0x00000000f0000000,0x00000000f2a80000)
  to   space 43520K, 0% used [0x00000000fd300000,0x00000000fd300000,0x00000000ffd80000)
 ParOldGen       total 563200K, used 23025K [0x00000000a0000000, 0x00000000c2600000, 0x00000000e0000000)
  object space 563200K, 4% used [0x00000000a0000000,0x00000000a167c410,0x00000000c2600000)
 Metaspace       used 34610K, capacity 35422K, committed 35496K, reserved 1079296K
  class space    used 4739K, capacity 4972K, committed 5040K, reserved 1048576K
}
Event: 7.974 GC heap before
{Heap before GC invocations=6 (full 2):
 PSYoungGen      total 305664K, used 262144K [0x00000000e0000000, 0x00000000ffd80000, 0x0000000100000000)
  eden space 262144K, 100% used [0x00000000e0000000,0x00000000f0000000,0x00000000f0000000)
  from space 43520K, 0% used [0x00000000f0000000,0x00000000f0000000,0x00000000f2a80000)
  to   space 43520K, 0% used [0x00000000fd300000,0x00000000fd300000,0x00000000ffd80000)
 ParOldGen       total 563200K, used 23025K [0x00000000a0000000, 0x00000000c2600000, 0x00000000e0000000)
  object space 563200K, 4% used [0x00000000a0000000,0x00000000a167c410,0x00000000c2600000)
 Metaspace       used 55238K, capacity 57344K, committed 57512K, reserved 1099776K
  class space    used 7532K, capacity 8039K, committed 8112K, reserved 1048576K
Event: 7.985 GC heap after
Heap after GC invocations=6 (full 2):
 PSYoungGen      total 393216K, used 28939K [0x00000000e0000000, 0x00000000fef80000, 0x0000000100000000)
  eden space 364032K, 0% used [0x00000000e0000000,0x00000000e0000000,0x00000000f6380000)
  from space 29184K, 99% used [0x00000000fd300000,0x00000000fef42c50,0x00000000fef80000)
  to   space 43520K, 0% used [0x00000000f9a80000,0x00000000f9a80000,0x00000000fc500000)
 ParOldGen       total 563200K, used 23097K [0x00000000a0000000, 0x00000000c2600000, 0x00000000e0000000)
  object space 563200K, 4% used [0x00000000a0000000,0x00000000a168e420,0x00000000c2600000)
 Metaspace       used 55238K, capacity 57344K, committed 57512K, reserved 1099776K
  class space    used 7532K, capacity 8039K, committed 8112K, reserved 1048576K
}
Event: 8.120 GC heap before
{Heap before GC invocations=7 (full 2):
 PSYoungGen      total 393216K, used 55050K [0x00000000e0000000, 0x00000000fef80000, 0x0000000100000000)
  eden space 364032K, 7% used [0x00000000e0000000,0x00000000e197ff58,0x00000000f6380000)
  from space 29184K, 99% used [0x00000000fd300000,0x00000000fef42c50,0x00000000fef80000)
  to   space 43520K, 0% used [0x00000000f9a80000,0x00000000f9a80000,0x00000000fc500000)
 ParOldGen       total 563200K, used 23097K [0x00000000a0000000, 0x00000000c2600000, 0x00000000e0000000)
  object space 563200K, 4% used [0x00000000a0000000,0x00000000a168e420,0x00000000c2600000)
 Metaspace       used 56934K, capacity 59010K, committed 59160K, reserved 1099776K
  class space    used 7805K, capacity 8280K, committed 8368K, reserved 1048576K
Event: 8.125 GC heap after
Heap after GC invocations=7 (full 2):
 PSYoungGen      total 463872K, used 16298K [0x00000000e0000000, 0x00000000ff300000, 0x0000000100000000)
  eden space 420352K, 0% used [0x00000000e0000000,0x00000000e0000000,0x00000000f9a80000)
  from space 43520K, 37% used [0x00000000f9a80000,0x00000000faa6a930,0x00000000fc500000)
  to   space 29696K, 0% used [0x00000000fd600000,0x00000000fd600000,0x00000000ff300000)
 ParOldGen       total 563200K, used 23105K [0x00000000a0000000, 0x00000000c2600000, 0x00000000e0000000)
  object space 563200K, 4% used [0x00000000a0000000,0x00000000a1690420,0x00000000c2600000)
 Metaspace       used 56934K, capacity 59010K, committed 59160K, reserved 1099776K
  class space    used 7805K, capacity 8280K, committed 8368K, reserved 1048576K
}
Event: 8.126 GC heap before
{Heap before GC invocations=8 (full 3):
 PSYoungGen      total 463872K, used 16298K [0x00000000e0000000, 0x00000000ff300000, 0x0000000100000000)
  eden space 420352K, 0% used [0x00000000e0000000,0x00000000e0000000,0x00000000f9a80000)
  from space 43520K, 37% used [0x00000000f9a80000,0x00000000faa6a930,0x00000000fc500000)
  to   space 29696K, 0% used [0x00000000fd600000,0x00000000fd600000,0x00000000ff300000)
 ParOldGen       total 563200K, used 23105K [0x00000000a0000000, 0x00000000c2600000, 0x00000000e0000000)
  object space 563200K, 4% used [0x00000000a0000000,0x00000000a1690420,0x00000000c2600000)
 Metaspace       used 56934K, capacity 59010K, committed 59160K, reserved 1099776K
  class space    used 7805K, capacity 8280K, committed 8368K, reserved 1048576K
Event: 8.222 GC heap after
Heap after GC invocations=8 (full 3):
 PSYoungGen      total 463872K, used 0K [0x00000000e0000000, 0x00000000ff300000, 0x0000000100000000)
  eden space 420352K, 0% used [0x00000000e0000000,0x00000000e0000000,0x00000000f9a80000)
  from space 43520K, 0% used [0x00000000f9a80000,0x00000000f9a80000,0x00000000fc500000)
  to   space 29696K, 0% used [0x00000000fd600000,0x00000000fd600000,0x00000000ff300000)
 ParOldGen       total 757248K, used 28877K [0x00000000a0000000, 0x00000000ce380000, 0x00000000e0000000)
  object space 757248K, 3% used [0x00000000a0000000,0x00000000a1c33778,0x00000000ce380000)
 Metaspace       used 56911K, capacity 58932K, committed 59160K, reserved 1099776K
  class space    used 7798K, capacity 8267K, committed 8368K, reserved 1048576K
}

