# JRE version: OpenJDK Runtime Environment (8.0_242-b01) (build 1.8.0_242-release-1644-b01)
# Java VM: OpenJDK 64-Bit Server VM (25.242-b01 mixed mode windows-amd64 compressed oops)
Heap:
 PSYoungGen      total 473600K, used 399396K [0x00000000e0000000, 0x0000000100000000, 0x0000000100000000)
  eden space 422912K, 93% used [0x00000000e0000000,0x00000000f81a8548,0x00000000f9d00000)
  from space 50688K, 8% used [0x00000000fce80000,0x00000000fd2e0e38,0x0000000100000000)
  to   space 50688K, 0% used [0x00000000f9d00000,0x00000000f9d00000,0x00000000fce80000)
 ParOldGen       total 777216K, used 88381K [0x00000000a0000000, 0x00000000cf700000, 0x00000000e0000000)
  object space 777216K, 11% used [0x00000000a0000000,0x00000000a564f640,0x00000000cf700000)
 Metaspace       used 93088K, capacity 97733K, committed 100008K, reserved 1136640K
  class space    used 12081K, capacity 12948K, committed 13488K, reserved 1048576K
GC Heap History (10 events):
Event: 60.214 GC heap before
{Heap before GC invocations=16 (full 4):
 PSYoungGen      total 467456K, used 467043K [0x00000000e0000000, 0x0000000100000000, 0x0000000100000000)
  eden space 432128K, 100% used [0x00000000e0000000,0x00000000fa600000,0x00000000fa600000)
  from space 35328K, 98% used [0x00000000fa600000,0x00000000fc818c40,0x00000000fc880000)
  to   space 48128K, 0% used [0x00000000fd100000,0x00000000fd100000,0x0000000100000000)
 ParOldGen       total 777216K, used 50169K [0x00000000a0000000, 0x00000000cf700000, 0x00000000e0000000)
  object space 777216K, 6% used [0x00000000a0000000,0x00000000a30fe5d0,0x00000000cf700000)
 Metaspace       used 92706K, capacity 97409K, committed 99752K, reserved 1136640K
  class space    used 12079K, capacity 12946K, committed 13488K, reserved 1048576K
Event: 60.223 GC heap after
Heap after GC invocations=16 (full 4):
 PSYoungGen      total 475136K, used 33994K [0x00000000e0000000, 0x0000000100000000, 0x0000000100000000)
  eden space 427008K, 0% used [0x00000000e0000000,0x00000000e0000000,0x00000000fa100000)
  from space 48128K, 70% used [0x00000000fd100000,0x00000000ff2328b8,0x0000000100000000)
  to   space 48640K, 0% used [0x00000000fa100000,0x00000000fa100000,0x00000000fd080000)
 ParOldGen       total 777216K, used 50177K [0x00000000a0000000, 0x00000000cf700000, 0x00000000e0000000)
  object space 777216K, 6% used [0x00000000a0000000,0x00000000a31005d0,0x00000000cf700000)
 Metaspace       used 92706K, capacity 97409K, committed 99752K, reserved 1136640K
  class space    used 12079K, capacity 12946K, committed 13488K, reserved 1048576K
}
Event: 60.449 GC heap before
{Heap before GC invocations=17 (full 4):
 PSYoungGen      total 475136K, used 461002K [0x00000000e0000000, 0x0000000100000000, 0x0000000100000000)
  eden space 427008K, 100% used [0x00000000e0000000,0x00000000fa100000,0x00000000fa100000)
  from space 48128K, 70% used [0x00000000fd100000,0x00000000ff2328b8,0x0000000100000000)
  to   space 48640K, 0% used [0x00000000fa100000,0x00000000fa100000,0x00000000fd080000)
 ParOldGen       total 777216K, used 50177K [0x00000000a0000000, 0x00000000cf700000, 0x00000000e0000000)
  object space 777216K, 6% used [0x00000000a0000000,0x00000000a31005d0,0x00000000cf700000)
 Metaspace       used 92790K, capacity 97481K, committed 99752K, reserved 1136640K
  class space    used 12079K, capacity 12946K, committed 13488K, reserved 1048576K
Event: 60.459 GC heap after
Heap after GC invocations=17 (full 4):
 PSYoungGen      total 437760K, used 10401K [0x00000000e0000000, 0x0000000100000000, 0x0000000100000000)
  eden space 427008K, 0% used [0x00000000e0000000,0x00000000e0000000,0x00000000fa100000)
  from space 10752K, 96% used [0x00000000fa100000,0x00000000fab284b0,0x00000000fab80000)
  to   space 49152K, 0% used [0x00000000fd000000,0x00000000fd000000,0x0000000100000000)
 ParOldGen       total 777216K, used 73492K [0x00000000a0000000, 0x00000000cf700000, 0x00000000e0000000)
  object space 777216K, 9% used [0x00000000a0000000,0x00000000a47c5308,0x00000000cf700000)
 Metaspace       used 92790K, capacity 97481K, committed 99752K, reserved 1136640K
  class space    used 12079K, capacity 12946K, committed 13488K, reserved 1048576K
}
Event: 60.692 GC heap before
{Heap before GC invocations=18 (full 4):
 PSYoungGen      total 437760K, used 437409K [0x00000000e0000000, 0x0000000100000000, 0x0000000100000000)
  eden space 427008K, 100% used [0x00000000e0000000,0x00000000fa100000,0x00000000fa100000)
  from space 10752K, 96% used [0x00000000fa100000,0x00000000fab284b0,0x00000000fab80000)
  to   space 49152K, 0% used [0x00000000fd000000,0x00000000fd000000,0x0000000100000000)
 ParOldGen       total 777216K, used 73492K [0x00000000a0000000, 0x00000000cf700000, 0x00000000e0000000)
  object space 777216K, 9% used [0x00000000a0000000,0x00000000a47c5308,0x00000000cf700000)
 Metaspace       used 92928K, capacity 97565K, committed 99752K, reserved 1136640K
  class space    used 12079K, capacity 12946K, committed 13488K, reserved 1048576K
Event: 60.700 GC heap after
Heap after GC invocations=18 (full 4):
 PSYoungGen      total 473088K, used 4992K [0x00000000e0000000, 0x0000000100000000, 0x0000000100000000)
  eden space 423936K, 0% used [0x00000000e0000000,0x00000000e0000000,0x00000000f9e00000)
  from space 49152K, 10% used [0x00000000fd000000,0x00000000fd4e00f0,0x0000000100000000)
  to   space 50176K, 0% used [0x00000000f9e00000,0x00000000f9e00000,0x00000000fcf00000)
 ParOldGen       total 777216K, used 81405K [0x00000000a0000000, 0x00000000cf700000, 0x00000000e0000000)
  object space 777216K, 10% used [0x00000000a0000000,0x00000000a4f7f6c0,0x00000000cf700000)
 Metaspace       used 92928K, capacity 97565K, committed 99752K, reserved 1136640K
  class space    used 12079K, capacity 12946K, committed 13488K, reserved 1048576K
}
Event: 60.941 GC heap before
{Heap before GC invocations=19 (full 4):
 PSYoungGen      total 473088K, used 428928K [0x00000000e0000000, 0x0000000100000000, 0x0000000100000000)
  eden space 423936K, 100% used [0x00000000e0000000,0x00000000f9e00000,0x00000000f9e00000)
  from space 49152K, 10% used [0x00000000fd000000,0x00000000fd4e00f0,0x0000000100000000)
  to   space 50176K, 0% used [0x00000000f9e00000,0x00000000f9e00000,0x00000000fcf00000)
 ParOldGen       total 777216K, used 81405K [0x00000000a0000000, 0x00000000cf700000, 0x00000000e0000000)
  object space 777216K, 10% used [0x00000000a0000000,0x00000000a4f7f6c0,0x00000000cf700000)
 Metaspace       used 92983K, capacity 97643K, committed 99752K, reserved 1136640K
  class space    used 12079K, capacity 12947K, committed 13488K, reserved 1048576K
Event: 60.948 GC heap after
Heap after GC invocations=19 (full 4):
 PSYoungGen      total 430080K, used 5744K [0x00000000e0000000, 0x0000000100000000, 0x0000000100000000)
  eden space 423936K, 0% used [0x00000000e0000000,0x00000000e0000000,0x00000000f9e00000)
  from space 6144K, 93% used [0x00000000f9e00000,0x00000000fa39c240,0x00000000fa400000)
  to   space 50688K, 0% used [0x00000000fce80000,0x00000000fce80000,0x0000000100000000)
 ParOldGen       total 777216K, used 84804K [0x00000000a0000000, 0x00000000cf700000, 0x00000000e0000000)
  object space 777216K, 10% used [0x00000000a0000000,0x00000000a52d11d0,0x00000000cf700000)
 Metaspace       used 92983K, capacity 97643K, committed 99752K, reserved 1136640K
  class space    used 12079K, capacity 12947K, committed 13488K, reserved 1048576K
}
Event: 61.188 GC heap before
{Heap before GC invocations=20 (full 4):
 PSYoungGen      total 430080K, used 429680K [0x00000000e0000000, 0x0000000100000000, 0x0000000100000000)
  eden space 423936K, 100% used [0x00000000e0000000,0x00000000f9e00000,0x00000000f9e00000)
  from space 6144K, 93% used [0x00000000f9e00000,0x00000000fa39c240,0x00000000fa400000)
  to   space 50688K, 0% used [0x00000000fce80000,0x00000000fce80000,0x0000000100000000)
 ParOldGen       total 777216K, used 84804K [0x00000000a0000000, 0x00000000cf700000, 0x00000000e0000000)
  object space 777216K, 10% used [0x00000000a0000000,0x00000000a52d11d0,0x00000000cf700000)
 Metaspace       used 93055K, capacity 97733K, committed 100008K, reserved 1136640K
  class space    used 12081K, capacity 12948K, committed 13488K, reserved 1048576K
Event: 61.195 GC heap after
Heap after GC invocations=20 (full 4):
 PSYoungGen      total 473600K, used 4483K [0x00000000e0000000, 0x0000000100000000, 0x0000000100000000)
  eden space 422912K, 0% used [0x00000000e0000000,0x00000000e0000000,0x00000000f9d00000)
  from space 50688K, 8% used [0x00000000fce80000,0x00000000fd2e0e38,0x0000000100000000)
  to   space 50688K, 0% used [0x00000000f9d00000,0x00000000f9d00000,0x00000000fce80000)
 ParOldGen       total 777216K, used 88381K [0x00000000a0000000, 0x00000000cf700000, 0x00000000e0000000)
  object space 777216K, 11% used [0x00000000a0000000,0x00000000a564f640,0x00000000cf700000)
 Metaspace       used 93055K, capacity 97733K, committed 100008K, reserved 1136640K
  class space    used 12081K, capacity 12948K, committed 13488K, reserved 1048576K
}

